{"logLevel":"debug","message":"multithreading is set to false"}
{"logLevel":"debug","message":"Using reflection to scan dependencies for gauge implementations..."}
log4j:WARN No appenders could be found for logger (io.grpc.netty.shaded.io.netty.util.internal.logging.InternalLoggerFactory).
log4j:WARN Please initialize the log4j system properly.
log4j:WARN See http://logging.apache.org/log4j/1.2/faq.html#noconfig for more info.
{"logLevel":"debug","message":"gauge-java took 947milliseconds to load and scan. This should be less than 'runner_connection_timeout' config value."}
{"logLevel":"debug","message":"run 'gauge config runner_connection_timeout' and verify that it is < 947"}
{"logLevel":"debug","message":"starting gRPC server..."}
{"logLevel":"debug","message":"started gRPC server on port 57096"}
{"logLevel":"info","message":"Listening on port:57096"}
{"logLevel":"debug","message":"Scanning packages for steps"}
{"logLevel":"debug","message":"Comparing 'StepImplementation.waitPage' and 'StepImplementation.waitPage'"}
{"logLevel":"debug","message":"Found Wait for {} second in current project scope."}
{"logLevel":"debug","message":"Comparing 'StepImplementation.acceptCookies_denyButton_attentionClick' and 'StepImplementation.acceptCookies_denyButton_attentionClick'"}
{"logLevel":"debug","message":"Found Pop up in current project scope."}
{"logLevel":"debug","message":"Scanning packages for hooks"}
{"logLevel":"debug","message":"Scanned steps (using static parsing + reflections): "}
{"logLevel":"debug","message":"\tWait for {} second : public void waitPage(ınt time) throws InterruptedException"}
{"logLevel":"debug","message":"\tPop up : public void acceptCookies_denyButton_attentionClick()"}
Haz 16, 2021 12:51:55 PM io.appium.java_client.remote.AppiumCommandExecutor$1 lambda$0
INFO: Detected dialect: W3C
{"logLevel":"debug","message":"Executing 'Pop up' using 'class StepImplementation.acceptCookies_denyButton_attentionClick"}
{"logLevel":"debug","message":"Executing 'Wait for {} second' using 'class StepImplementation.waitPage"}
